<?xml version="1.0" ?>
<!DOCTYPE coverage SYSTEM "http://cobertura.sourceforge.net/xml/coverage-04.dtd">
<coverage lines-valid="9"  lines-covered="1"  line-rate="0.11109999999999999"  branches-valid="4"  branches-covered="0"  branch-rate="0"  timestamp="1425762860647" complexity="0" version="0.1">
<sources>
	<source>C:\Users\Smitha\Desktop\DevOps\Milestone_2</source>
</sources>
<packages>
	<package name="js"  line-rate="0.11109999999999999"  branch-rate="0" >
	<classes>
		<class name="test.js"  filename="www\js\test.js"  line-rate="0.11109999999999999"  branch-rate="0" >
		<methods>
			<method name="(anonymous_1)"  hits="0"  signature="()V" >
				<lines><line number="1"  hits="0" /></lines>
			</method>
			<method name="(anonymous_2)"  hits="0"  signature="()V" >
				<lines><line number="16"  hits="0" /></lines>
			</method>
		</methods>
		<lines>
			<line number="1"  hits="1"  branch="false" />
			<line number="3"  hits="0"  branch="true"  condition-coverage="0% (0/2)" />
			<line number="4"  hits="0"  branch="false" />
			<line number="7"  hits="0"  branch="false" />
			<line number="9"  hits="0"  branch="true"  condition-coverage="0% (0/2)" />
			<line number="10"  hits="0"  branch="false" />
			<line number="13"  hits="0"  branch="false" />
			<line number="15"  hits="0"  branch="false" />
			<line number="16"  hits="0"  branch="false" />
		</lines>
		</class>
	</classes>
	</package>
</packages>
</coverage>
